Arguments: 
  /usr/local/bin/node /opt/yarn-v1.15.2/bin/yarn.js install

PATH: 
  /usr/local/sbin:/usr/local/bin:/usr/sbin:/usr/bin:/sbin:/bin

Yarn version: 
  1.15.2

Node version: 
  11.13.0

Platform: 
  linux x64

Trace: 
  SyntaxError: /usr/share/nginx/html/echoServer/package.json: Unexpected token } in JSON at position 74
      at JSON.parse (<anonymous>)
      at /opt/yarn-v1.15.2/lib/cli.js:1625:59
      at Generator.next (<anonymous>)
      at step (/opt/yarn-v1.15.2/lib/cli.js:304:30)
      at /opt/yarn-v1.15.2/lib/cli.js:315:13

npm manifest: 
  {
    "private": true,
    "scripts": {
      "start": "npm run development",
    },
    "devDependencies": {
    },
    "dependencies": {
      "laravel-echo-server": "^1.5.8",
      "pm2": "^3.5.1"
    }
  }

yarn manifest: 
  No manifest

Lockfile: 
  No lockfile
